<?xml version="1.0" encoding="UTF-8"?>
<!-- Generated by org.testng.reporters.JUnitReportReporter -->
<testsuite hostname="DESKTOP-SJOVJ3V" failures="0" tests="1" name="addToCart.DWS_AddToCart_LapTop_04_Test" time="7.404" errors="0" timestamp="2023-11-03T13:42:52 IST" skipped="0">
  <testcase classname="addToCart.DWS_AddToCart_LapTop_04_Test" name="AddToCart_Laptop_homePage" time="7.404"/>
</testsuite> <!-- addToCart.DWS_AddToCart_LapTop_04_Test -->
