<?xml version="1.0" encoding="UTF-8"?>
<!-- Generated by org.testng.reporters.JUnitReportReporter -->
<testsuite hostname="DESKTOP-SJOVJ3V" failures="0" tests="1" name="addToCart.DWS_Send_Email_08_Test" time="5.224" errors="0" timestamp="2023-11-03T13:51:34 IST" skipped="0">
  <testcase classname="addToCart.DWS_Send_Email_08_Test" name="sendingEmail_to_friend" time="5.224"/>
</testsuite> <!-- addToCart.DWS_Send_Email_08_Test -->
