<?xml version="1.0" encoding="UTF-8"?>
<!-- Generated by org.testng.reporters.JUnitReportReporter -->
<testsuite hostname="DESKTOP-SJOVJ3V" failures="0" tests="1" name="addToCart.DWS_AddToCart_LapTop_04" time="8.443" errors="0" timestamp="2023-11-01T22:09:33 IST" skipped="0">
  <testcase classname="addToCart.DWS_AddToCart_LapTop_04" name="AddToCart_Laptop_homePage" time="8.443"/>
</testsuite> <!-- addToCart.DWS_AddToCart_LapTop_04 -->
