<?xml version="1.0" encoding="UTF-8"?>
<!-- Generated by org.testng.reporters.JUnitReportReporter -->
<testsuite hostname="DESKTOP-SJOVJ3V" failures="0" tests="1" name="login.DWS_Login_01_Test" time="0.636" errors="0" timestamp="2023-11-03T13:39:48 IST" skipped="0">
  <testcase classname="login.DWS_Login_01_Test" name="Login_to_applicatio_with_valid_cerdentials" time="0.636"/>
</testsuite> <!-- login.DWS_Login_01_Test -->
