<?xml version="1.0" encoding="UTF-8"?>
<!-- Generated by org.testng.reporters.JUnitReportReporter -->
<testsuite hostname="DESKTOP-SJOVJ3V" failures="0" tests="3" name="login.DWS_login_02_test" time="3.052" errors="0" timestamp="2023-11-02T14:21:59 IST" skipped="0">
  <testcase classname="login.DWS_login_02_test" name="Login_to_applicatio_with_valid_cerdentials" time="0.695"/>
  <testcase classname="login.DWS_login_02_test" name="Login_to_applicatio_with_valid_cerdentials" time="1.098"/>
  <testcase classname="login.DWS_login_02_test" name="Login_to_applicatio_with_valid_cerdentials" time="1.259"/>
</testsuite> <!-- login.DWS_login_02_test -->
