<?xml version="1.0" encoding="UTF-8"?>
<!-- Generated by org.testng.reporters.JUnitReportReporter -->
<testsuite hostname="DESKTOP-SJOVJ3V" failures="0" tests="1" name="signUp.DWS_Register_02" time="1.481" errors="0" timestamp="2023-11-03T13:40:33 IST" skipped="0">
  <testcase classname="signUp.DWS_Register_02" name="Register_with_valid_cerdentials" time="1.481"/>
</testsuite> <!-- signUp.DWS_Register_02 -->
