<?xml version="1.0" encoding="UTF-8"?>
<!-- Generated by org.testng.reporters.JUnitReportReporter -->
<testsuite hostname="DESKTOP-SJOVJ3V" failures="0" tests="1" name="addToCart.DWS_AddToCartBook" time="1.125" errors="0" timestamp="2023-11-01T14:58:55 IST" skipped="0">
  <testcase classname="addToCart.DWS_AddToCartBook" name="Add_books_To_Cart" time="1.125"/>
</testsuite> <!-- addToCart.DWS_AddToCartBook -->
