<?xml version="1.0" encoding="UTF-8"?>
<!-- Generated by org.testng.reporters.JUnitReportReporter -->
<testsuite hostname="DESKTOP-SJOVJ3V" failures="0" tests="1" name="addToCart.DWS_jewellary_06_Test" time="7.510" errors="0" timestamp="2023-11-03T13:44:22 IST" skipped="0">
  <testcase classname="addToCart.DWS_jewellary_06_Test" name="jewellerypricerange" time="7.510"/>
</testsuite> <!-- addToCart.DWS_jewellary_06_Test -->
