<?xml version="1.0" encoding="UTF-8"?>
<!-- Generated by org.testng.reporters.JUnitReportReporter -->
<testsuite hostname="DESKTOP-SJOVJ3V" failures="0" tests="1" name="addToCart.DWS_Remove_Destop_List_07_Test" time="15.900" errors="0" timestamp="2023-11-03T13:45:01 IST" skipped="0">
  <testcase classname="addToCart.DWS_Remove_Destop_List_07_Test" name="removeDestopfromComaparelist" time="15.900"/>
</testsuite> <!-- addToCart.DWS_Remove_Destop_List_07_Test -->
