<?xml version="1.0" encoding="UTF-8"?>
<!-- Generated by org.testng.reporters.JUnitReportReporter -->
<testsuite hostname="DESKTOP-SJOVJ3V" failures="0" tests="1" name="addToCart.DWS_to_Compare_price_09_Test" time="7.504" errors="0" timestamp="2023-11-02T14:47:58 IST" skipped="0">
  <testcase classname="addToCart.DWS_to_Compare_price_09_Test" name="priceComparing" time="7.504"/>
</testsuite> <!-- addToCart.DWS_to_Compare_price_09_Test -->
