<?xml version="1.0" encoding="UTF-8"?>
<!-- Generated by org.testng.reporters.JUnitReportReporter -->
<testsuite hostname="DESKTOP-SJOVJ3V" failures="0" tests="2" name="frameWorkCheck.ExcelCheck" time="0.011" errors="0" timestamp="2023-10-28T11:14:02 IST" skipped="0">
  <testcase classname="frameWorkCheck.ExcelCheck" name="read" time="0.009"/>
  <testcase classname="frameWorkCheck.ExcelCheck" name="read" time="0.002"/>
</testsuite> <!-- frameWorkCheck.ExcelCheck -->
