<?xml version="1.0" encoding="UTF-8"?>
<!-- Generated by org.testng.reporters.JUnitReportReporter -->
<testsuite hostname="DESKTOP-SJOVJ3V" failures="0" tests="1" name="addToCart.DWS_AddToCartBook_03_Test" time="1.839" errors="0" timestamp="2023-11-03T13:43:12 IST" skipped="0">
  <testcase classname="addToCart.DWS_AddToCartBook_03_Test" name="Add_books_To_Cart" time="1.839"/>
</testsuite> <!-- addToCart.DWS_AddToCartBook_03_Test -->
