<?xml version="1.0" encoding="UTF-8"?>
<!-- Generated by org.testng.reporters.JUnitReportReporter -->
<testsuite hostname="DESKTOP-SJOVJ3V" failures="0" tests="1" name="addToCart.DWS_destop_05_Test" time="12.915" errors="0" timestamp="2023-11-03T13:43:46 IST" skipped="0">
  <testcase classname="addToCart.DWS_destop_05_Test" name="addDestoptoCart" time="12.915"/>
</testsuite> <!-- addToCart.DWS_destop_05_Test -->
